<?xml version="1.0" encoding="UTF-8"?>
<!-- Generated by org.testng.reporters.JUnitReportReporter -->
<testsuite skipped="0" hostname="ATMECSINLT-939" name="api.test.Tests" tests="4" failures="0" timestamp="2023-05-04T21:44:05 IST" time="5.242" errors="0">
  <testcase name="testPostUser" time="3.473" classname="api.test.Tests"/>
  <system-out/>
  <testcase name="testGetRequest" time="0.276" classname="api.test.Tests"/>
  <system-out/>
  <testcase name="testPutRequest" time="0.679" classname="api.test.Tests"/>
  <system-out/>
  <testcase name="testDeleteRequest" time="0.814" classname="api.test.Tests"/>
  <system-out/>
</testsuite> <!-- api.test.Tests -->
